<?xml version="1.0" encoding="UTF-8"?>
<testsuites name="WebUI_TS" time="8.132" tests="1" failures="0" errors="0">
   <testsuite name="WebUI_TS" tests="1" failures="0" errors="0" time="8.132" skipped="0" timestamp="2025-08-21T00:33:55.778Z" hostname="linh.nguyen - localhost" id="Test Suites/WebUI/WebUI_TS">
      <properties>
         <property name="deviceName" value=""/>
         <property name="devicePlatform"/>
         <property name="logFolder" value="/Users/linh.nguyen/git/TAM_Katalon_Demo_Project/Reports/20250821_073351/WebUI/WebUI_TS/20250821_073353"/>
         <property name="logFiles" value="/Users/linh.nguyen/git/TAM_Katalon_Demo_Project/Reports/20250821_073351/WebUI/WebUI_TS/20250821_073353/execution0.log, /Users/linh.nguyen/git/TAM_Katalon_Demo_Project/Reports/20250821_073351/WebUI/WebUI_TS/20250821_073353/console0.log"/>
         <property name="attachments" value=""/>
         <property name="hostName" value="linh.nguyen - localhost"/>
         <property name="os" value="Mac OS X 64bit"/>
         <property name="katalonVersion" value="10.3.1.0"/>
         <property name="browser" value="Chrome 139.0.7258.129"/>
         <property name="userFullName" value="Linh Nguyen"/>
         <property name="hostAddress" value="127.0.0.1"/>
         <property name="sessionId" value="e85d404154caa5966cf5fdb80f92c92f"/>
         <property name="projectName" value="TAM_Katalon_Demo_Project"/>
         <property name="seleniumVersion" value="4.28.1"/>
         <property name="proxyInformation" value="ProxyInformation { proxyOption=NO_PROXY, proxyServerType=HTTP, username=, password=********, proxyServerAddress=, proxyServerPort=0, executionList=&quot;&quot;, isApplyToDesiredCapabilities=true }"/>
         <property name="platform" value="Mac OS X"/>
      </properties>
      <testcase name="Test Cases/WebUI/CuraHealth_TC" time="7.974" classname="Test Cases/WebUI/CuraHealth_TC" status="PASSED">
         <system-out><![CDATA[21-08-2025T07:33:55 - [TEST_CASE][PASSED] - Test Cases/WebUI/CuraHealth_TC: Test Cases/WebUI/CuraHealth_TC

21-08-2025T07:33:55 - [TEST_STEP][PASSED] - Start listener action : beforeTestCase: null

21-08-2025T07:33:55 - [TEST_STEP][PASSED] - GLUE = ["bddProject_StepDefinition"]: null

21-08-2025T07:33:55 - [TEST_STEP][PASSED] - openBrowser(""): Browser is opened with url: ''

21-08-2025T07:33:56 - [MESSAGE][INFO] - Starting 'Chrome' driver

21-08-2025T07:33:56 - [MESSAGE][INFO] - User set preference: ['args', '[force-device-scale-factor=1, high-dpi-support=1]']

21-08-2025T07:33:56 - [MESSAGE][INFO] - Action delay is set to 0 milliseconds

21-08-2025T07:33:58 - [MESSAGE][PASSED] - Browser is opened with url: ''

21-08-2025T07:33:58 - [TEST_STEP][PASSED] - navigateToUrl("https://katalon-demo-cura.herokuapp.com/"): Navigate to 'https://katalon-demo-cura.herokuapp.com/' successfully

21-08-2025T07:34:01 - [MESSAGE][PASSED] - Navigate to 'https://katalon-demo-cura.herokuapp.com/' successfully

21-08-2025T07:34:01 - [TEST_STEP][PASSED] - click(findTestObject("Object Repository/WebUI/Page_CURA Healthcare Service/a_btn-make-appointment")): Object: 'Object Repository/WebUI/Page_CURA Healthcare Service/a_btn-make-appointment' is clicked on

21-08-2025T07:34:01 - [MESSAGE][PASSED] - Object: 'Object Repository/WebUI/Page_CURA Healthcare Service/a_btn-make-appointment' is clicked on

21-08-2025T07:34:01 - [TEST_STEP][PASSED] - setText(findTestObject("Object Repository/WebUI/Page_CURA Healthcare Service/input_Username"), "John Doe"): Text 'John Doe' is set on object 'Object Repository/WebUI/Page_CURA Healthcare Service/input_Username'

21-08-2025T07:34:02 - [MESSAGE][PASSED] - Text 'John Doe' is set on object 'Object Repository/WebUI/Page_CURA Healthcare Service/input_Username'

21-08-2025T07:34:02 - [TEST_STEP][PASSED] - click(findTestObject("Object Repository/WebUI/Page_CURA Healthcare Service/input_Password")): Object: 'Object Repository/WebUI/Page_CURA Healthcare Service/input_Password' is clicked on

21-08-2025T07:34:02 - [MESSAGE][PASSED] - Object: 'Object Repository/WebUI/Page_CURA Healthcare Service/input_Password' is clicked on

21-08-2025T07:34:02 - [TEST_STEP][PASSED] - setEncryptedText(findTestObject("Object Repository/WebUI/Page_CURA Healthcare Service/input_Password"), "g3/DOGG74jC3Flrr3yH+3D/yKbOqqUNM"): Text ****** has been set on object 'Object Repository/WebUI/Page_CURA Healthcare Service/input_Password'

21-08-2025T07:34:02 - [MESSAGE][PASSED] - Text ****** has been set on object 'Object Repository/WebUI/Page_CURA Healthcare Service/input_Password'

21-08-2025T07:34:02 - [TEST_STEP][PASSED] - click(findTestObject("Object Repository/WebUI/Page_CURA Healthcare Service/button_btn-login")): Object: 'Object Repository/WebUI/Page_CURA Healthcare Service/button_btn-login' is clicked on

21-08-2025T07:34:03 - [MESSAGE][PASSED] - Object: 'Object Repository/WebUI/Page_CURA Healthcare Service/button_btn-login' is clicked on

21-08-2025T07:34:03 - [TEST_STEP][PASSED] - closeBrowser(): Browser is closed

21-08-2025T07:34:03 - [MESSAGE][PASSED] - Browser is closed]]></system-out>
         <system-err><![CDATA[]]></system-err>
      </testcase>
      <system-out><![CDATA[21-08-2025T07:33:55 - [TEST_SUITE][PASSED] - WebUI_TS: null]]></system-out>
      <system-err><![CDATA[]]></system-err>
   </testsuite>
</testsuites>
