<?xml version="1.0" encoding="UTF-8"?>
<testsuites name="WebUI_TS" time="8.304" tests="1" failures="0" errors="0">
   <testsuite name="WebUI_TS" tests="1" failures="0" errors="0" time="8.304" skipped="0" timestamp="2025-09-20T14:14:21.893Z" hostname="linh.nguyen - 192.168.1.6" id="Test Suites/WebUI/WebUI_TS">
      <properties>
         <property name="deviceName" value=""/>
         <property name="devicePlatform"/>
         <property name="logFolder" value="/Users/linh.nguyen/Downloads/TAM_Katalon_Demo_Project/Reports/20250920_211419/WebUI/WebUI_TS/20250920_211419"/>
         <property name="logFiles" value="/Users/linh.nguyen/Downloads/TAM_Katalon_Demo_Project/Reports/20250920_211419/WebUI/WebUI_TS/20250920_211419/execution0.log, /Users/linh.nguyen/Downloads/TAM_Katalon_Demo_Project/Reports/20250920_211419/WebUI/WebUI_TS/20250920_211419/console0.log"/>
         <property name="attachments" value=""/>
         <property name="hostName" value="linh.nguyen - 192.168.1.6"/>
         <property name="os" value="Mac OS X 64bit"/>
         <property name="katalonVersion" value="10.3.1.0"/>
         <property name="browser" value="Chrome 139.0.7258.155"/>
         <property name="userFullName" value="Linh Nguyen"/>
         <property name="hostAddress" value="192.168.1.6"/>
         <property name="sessionId" value="851d414e2db2deb31b7561ab9c2748a2"/>
         <property name="projectName" value="TAM_Katalon_Demo_Project"/>
         <property name="seleniumVersion" value="4.28.1"/>
         <property name="proxyInformation" value="ProxyInformation { proxyOption=NO_PROXY, proxyServerType=HTTP, username=, password=********, proxyServerAddress=, proxyServerPort=0, executionList=&quot;&quot;, isApplyToDesiredCapabilities=true }"/>
         <property name="platform" value="Mac OS X"/>
      </properties>
      <testcase name="Test Cases/WebUI/CuraHealth_TC" time="8.157" classname="Test Cases/WebUI/CuraHealth_TC" status="PASSED">
         <system-out><![CDATA[20-09-2025T21:14:22 - [TEST_CASE][PASSED] - Test Cases/WebUI/CuraHealth_TC: Test Cases/WebUI/CuraHealth_TC

20-09-2025T21:14:22 - [TEST_STEP][PASSED] - Start listener action : beforeTestCase: null

20-09-2025T21:14:22 - [TEST_STEP][PASSED] - GLUE = ["bddProject_StepDefinition"]: null

20-09-2025T21:14:22 - [TEST_STEP][PASSED] - openBrowser(""): Browser is opened with url: ''

20-09-2025T21:14:22 - [MESSAGE][INFO] - Starting 'Chrome (headless)' driver

20-09-2025T21:14:22 - [MESSAGE][INFO] - Action delay is set to 0 milliseconds

20-09-2025T21:14:24 - [MESSAGE][PASSED] - Browser is opened with url: ''

20-09-2025T21:14:24 - [TEST_STEP][PASSED] - navigateToUrl("https://katalon-demo-cura.herokuapp.com/"): Navigate to 'https://katalon-demo-cura.herokuapp.com/' successfully

20-09-2025T21:14:27 - [MESSAGE][PASSED] - Navigate to 'https://katalon-demo-cura.herokuapp.com/' successfully

20-09-2025T21:14:27 - [TEST_STEP][PASSED] - click(findTestObject("Object Repository/WebUI/Page_CURA Healthcare Service/a_btn-make-appointment")): Object: 'Object Repository/WebUI/Page_CURA Healthcare Service/a_btn-make-appointment' is clicked on

20-09-2025T21:14:28 - [MESSAGE][PASSED] - Object: 'Object Repository/WebUI/Page_CURA Healthcare Service/a_btn-make-appointment' is clicked on

20-09-2025T21:14:28 - [TEST_STEP][PASSED] - setText(findTestObject("Object Repository/WebUI/Page_CURA Healthcare Service/input_Username"), "John Doe"): Text 'John Doe' is set on object 'Object Repository/WebUI/Page_CURA Healthcare Service/input_Username'

20-09-2025T21:14:29 - [MESSAGE][PASSED] - Text 'John Doe' is set on object 'Object Repository/WebUI/Page_CURA Healthcare Service/input_Username'

20-09-2025T21:14:29 - [TEST_STEP][PASSED] - click(findTestObject("Object Repository/WebUI/Page_CURA Healthcare Service/input_Password")): Object: 'Object Repository/WebUI/Page_CURA Healthcare Service/input_Password' is clicked on

20-09-2025T21:14:29 - [MESSAGE][PASSED] - Object: 'Object Repository/WebUI/Page_CURA Healthcare Service/input_Password' is clicked on

20-09-2025T21:14:29 - [TEST_STEP][PASSED] - setEncryptedText(findTestObject("Object Repository/WebUI/Page_CURA Healthcare Service/input_Password"), "g3/DOGG74jC3Flrr3yH+3D/yKbOqqUNM"): Text ****** has been set on object 'Object Repository/WebUI/Page_CURA Healthcare Service/input_Password'

20-09-2025T21:14:29 - [MESSAGE][PASSED] - Text ****** has been set on object 'Object Repository/WebUI/Page_CURA Healthcare Service/input_Password'

20-09-2025T21:14:29 - [TEST_STEP][PASSED] - click(findTestObject("Object Repository/WebUI/Page_CURA Healthcare Service/button_btn-login")): Object: 'Object Repository/WebUI/Page_CURA Healthcare Service/button_btn-login' is clicked on

20-09-2025T21:14:30 - [MESSAGE][PASSED] - Object: 'Object Repository/WebUI/Page_CURA Healthcare Service/button_btn-login' is clicked on

20-09-2025T21:14:30 - [TEST_STEP][PASSED] - closeBrowser(): Browser is closed

20-09-2025T21:14:30 - [MESSAGE][PASSED] - Browser is closed]]></system-out>
         <system-err><![CDATA[]]></system-err>
      </testcase>
      <system-out><![CDATA[20-09-2025T21:14:21 - [TEST_SUITE][PASSED] - WebUI_TS: null]]></system-out>
      <system-err><![CDATA[]]></system-err>
   </testsuite>
</testsuites>
